This file contains any messages produced by compilers while
running configure, to aid debugging if configure makes a mistake.

It was created by daq configure 2.0.6, which was
generated by GNU Autoconf 2.69.  Invocation command line was

  $ ./configure --prefix=/opt/snort --with-dpdk-includes=/project/dpdk_napatech/x86_64-native-linuxapp-gcc/include --with-dpdk-libraries=/project/dpdk_napatech/x86_64-native-linuxapp-gcc/lib

## --------- ##
## Platform. ##
## --------- ##

hostname = superbk
uname -m = x86_64
uname -r = 4.17.12-100.fc27.x86_64
uname -s = Linux
uname -v = #1 SMP Fri Aug 3 15:00:33 UTC 2018

/usr/bin/uname -p = x86_64
/bin/uname -X     = unknown

/bin/arch              = x86_64
/usr/bin/arch -k       = unknown
/usr/convex/getsysinfo = unknown
/usr/bin/hostinfo      = unknown
/bin/machine           = unknown
/usr/bin/oslevel       = unknown
/bin/universe          = unknown

PATH: /usr/lib64/ccache
PATH: /usr/local/sbin
PATH: /usr/local/bin
PATH: /usr/sbin
PATH: /usr/bin
PATH: /root/bin


## ----------- ##
## Core tests. ##
## ----------- ##

configure:2484: checking for a BSD-compatible install
configure:2552: result: /usr/bin/install -c
configure:2563: checking whether build environment is sane
configure:2618: result: yes
configure:2769: checking for a thread-safe mkdir -p
configure:2808: result: /usr/bin/mkdir -p
configure:2815: checking for gawk
configure:2831: found /usr/bin/gawk
configure:2842: result: gawk
configure:2853: checking whether make sets $(MAKE)
configure:2875: result: yes
configure:2904: checking whether make supports nested variables
configure:2921: result: yes
configure:3097: checking for gcc
configure:3113: found /usr/lib64/ccache/gcc
configure:3124: result: gcc
configure:3353: checking for C compiler version
configure:3362: gcc --version >&5
gcc (GCC) 7.3.1 20180712 (Red Hat 7.3.1-6)
Copyright (C) 2017 Free Software Foundation, Inc.
This is free software; see the source for copying conditions.  There is NO
warranty; not even for MERCHANTABILITY or FITNESS FOR A PARTICULAR PURPOSE.

configure:3373: $? = 0
configure:3362: gcc -v >&5
Using built-in specs.
COLLECT_GCC=/usr/bin/gcc
COLLECT_LTO_WRAPPER=/usr/libexec/gcc/x86_64-redhat-linux/7/lto-wrapper
OFFLOAD_TARGET_NAMES=nvptx-none
OFFLOAD_TARGET_DEFAULT=1
Target: x86_64-redhat-linux
Configured with: ../configure --enable-bootstrap --enable-languages=c,c++,objc,obj-c++,fortran,ada,go,lto --prefix=/usr --mandir=/usr/share/man --infodir=/usr/share/info --with-bugurl=http://bugzilla.redhat.com/bugzilla --enable-shared --enable-threads=posix --enable-checking=release --enable-multilib --with-system-zlib --enable-__cxa_atexit --disable-libunwind-exceptions --enable-gnu-unique-object --enable-linker-build-id --with-gcc-major-version-only --with-linker-hash-style=gnu --enable-plugin --enable-initfini-array --with-isl --enable-libmpx --enable-offload-targets=nvptx-none --without-cuda-driver --enable-gnu-indirect-function --with-tune=generic --with-arch_32=i686 --build=x86_64-redhat-linux
Thread model: posix
gcc version 7.3.1 20180712 (Red Hat 7.3.1-6) (GCC) 
configure:3373: $? = 0
configure:3362: gcc -V >&5
gcc: error: unrecognized command line option '-V'
gcc: fatal error: no input files
compilation terminated.
configure:3373: $? = 1
configure:3362: gcc -qversion >&5
gcc: error: unrecognized command line option '-qversion'; did you mean '--version'?
gcc: fatal error: no input files
compilation terminated.
configure:3373: $? = 1
configure:3393: checking whether the C compiler works
configure:3415: gcc    conftest.c  >&5
configure:3419: $? = 0
configure:3467: result: yes
configure:3470: checking for C compiler default output file name
configure:3472: result: a.out
configure:3478: checking for suffix of executables
configure:3485: gcc -o conftest    conftest.c  >&5
configure:3489: $? = 0
configure:3511: result: 
configure:3533: checking whether we are cross compiling
configure:3541: gcc -o conftest    conftest.c  >&5
configure:3545: $? = 0
configure:3552: ./conftest
configure:3556: $? = 0
configure:3571: result: no
configure:3576: checking for suffix of object files
configure:3598: gcc -c   conftest.c >&5
configure:3602: $? = 0
configure:3623: result: o
configure:3627: checking whether we are using the GNU C compiler
configure:3646: gcc -c   conftest.c >&5
configure:3646: $? = 0
configure:3655: result: yes
configure:3664: checking whether gcc accepts -g
configure:3684: gcc -c -g  conftest.c >&5
configure:3684: $? = 0
configure:3725: result: yes
configure:3742: checking for gcc option to accept ISO C89
configure:3805: gcc  -c -g -O2  conftest.c >&5
configure:3805: $? = 0
configure:3818: result: none needed
configure:3843: checking whether gcc understands -c and -o together
configure:3865: gcc -c conftest.c -o conftest2.o
configure:3868: $? = 0
configure:3865: gcc -c conftest.c -o conftest2.o
configure:3868: $? = 0
configure:3880: result: yes
configure:3908: checking for style of include used by make
configure:3936: result: GNU
configure:3962: checking dependency style of gcc
configure:4073: result: gcc3
configure:4117: checking build system type
configure:4131: result: x86_64-unknown-linux-gnu
configure:4151: checking host system type
configure:4164: result: x86_64-unknown-linux-gnu
configure:4205: checking how to print strings
configure:4232: result: printf
configure:4253: checking for a sed that does not truncate output
configure:4317: result: /usr/bin/sed
configure:4335: checking for grep that handles long lines and -e
configure:4393: result: /usr/bin/grep
configure:4398: checking for egrep
configure:4460: result: /usr/bin/grep -E
configure:4465: checking for fgrep
configure:4527: result: /usr/bin/grep -F
configure:4562: checking for ld used by gcc
configure:4629: result: /usr/bin/ld
configure:4636: checking if the linker (/usr/bin/ld) is GNU ld
configure:4651: result: yes
configure:4663: checking for BSD- or MS-compatible name lister (nm)
configure:4717: result: /usr/bin/nm -B
configure:4847: checking the name lister (/usr/bin/nm -B) interface
configure:4854: gcc -c -g -O2  conftest.c >&5
configure:4857: /usr/bin/nm -B "conftest.o"
configure:4860: output
0000000000000000 B some_variable
configure:4867: result: BSD nm
configure:4870: checking whether ln -s works
configure:4874: result: yes
configure:4882: checking the maximum length of command line arguments
configure:5013: result: 1572864
configure:5061: checking how to convert x86_64-unknown-linux-gnu file names to x86_64-unknown-linux-gnu format
configure:5101: result: func_convert_file_noop
configure:5108: checking how to convert x86_64-unknown-linux-gnu file names to toolchain format
configure:5128: result: func_convert_file_noop
configure:5135: checking for /usr/bin/ld option to reload object files
configure:5142: result: -r
configure:5216: checking for objdump
configure:5232: found /usr/bin/objdump
configure:5243: result: objdump
configure:5275: checking how to recognize dependent libraries
configure:5475: result: pass_all
configure:5560: checking for dlltool
configure:5590: result: no
configure:5620: checking how to associate runtime and link libraries
configure:5647: result: printf %s\n
configure:5708: checking for ar
configure:5724: found /usr/bin/ar
configure:5735: result: ar
configure:5772: checking for archiver @FILE support
configure:5789: gcc -c -g -O2  conftest.c >&5
configure:5789: $? = 0
configure:5792: ar cru libconftest.a @conftest.lst >&5
configure:5795: $? = 0
configure:5800: ar cru libconftest.a @conftest.lst >&5
ar: conftest.o: No such file or directory
configure:5803: $? = 1
configure:5815: result: @
configure:5873: checking for strip
configure:5889: found /usr/bin/strip
configure:5900: result: strip
configure:5972: checking for ranlib
configure:5988: found /usr/bin/ranlib
configure:5999: result: ranlib
configure:6101: checking command to parse /usr/bin/nm -B output from gcc object
configure:6254: gcc -c -g -O2  conftest.c >&5
configure:6257: $? = 0
configure:6261: /usr/bin/nm -B conftest.o \| sed -n -e 's/^.*[ ]\([ABCDGIRSTW][ABCDGIRSTW]*\)[ ][ ]*\([_A-Za-z][_A-Za-z0-9]*\)$/\1 \2 \2/p' | sed '/ __gnu_lto/d' \> conftest.nm
configure:6264: $? = 0
configure:6330: gcc -o conftest -g -O2   conftest.c conftstm.o >&5
configure:6333: $? = 0
configure:6371: result: ok
configure:6418: checking for sysroot
configure:6448: result: no
configure:6455: checking for a working dd
configure:6493: result: /usr/bin/dd
configure:6497: checking how to truncate binary pipes
configure:6512: result: /usr/bin/dd bs=4096 count=1
configure:6648: gcc -c -g -O2  conftest.c >&5
configure:6651: $? = 0
configure:6841: checking for mt
configure:6871: result: no
configure:6891: checking if : is a manifest tool
configure:6897: : '-?'
configure:6905: result: no
configure:7582: checking how to run the C preprocessor
configure:7613: gcc -E  conftest.c
configure:7613: $? = 0
configure:7627: gcc -E  conftest.c
conftest.c:11:10: fatal error: ac_nonexistent.h: No such file or directory
 #include <ac_nonexistent.h>
          ^~~~~~~~~~~~~~~~~~
compilation terminated.
configure:7627: $? = 1
configure: failed program was:
| /* confdefs.h */
| #define PACKAGE_NAME "daq"
| #define PACKAGE_TARNAME "daq"
| #define PACKAGE_VERSION "2.0.6"
| #define PACKAGE_STRING "daq 2.0.6"
| #define PACKAGE_BUGREPORT "snort-team@sourcefire.com"
| #define PACKAGE_URL ""
| #define PACKAGE "daq"
| #define VERSION "2.0.6"
| /* end confdefs.h.  */
| #include <ac_nonexistent.h>
configure:7652: result: gcc -E
configure:7672: gcc -E  conftest.c
configure:7672: $? = 0
configure:7686: gcc -E  conftest.c
conftest.c:11:10: fatal error: ac_nonexistent.h: No such file or directory
 #include <ac_nonexistent.h>
          ^~~~~~~~~~~~~~~~~~
compilation terminated.
configure:7686: $? = 1
configure: failed program was:
| /* confdefs.h */
| #define PACKAGE_NAME "daq"
| #define PACKAGE_TARNAME "daq"
| #define PACKAGE_VERSION "2.0.6"
| #define PACKAGE_STRING "daq 2.0.6"
| #define PACKAGE_BUGREPORT "snort-team@sourcefire.com"
| #define PACKAGE_URL ""
| #define PACKAGE "daq"
| #define VERSION "2.0.6"
| /* end confdefs.h.  */
| #include <ac_nonexistent.h>
configure:7715: checking for ANSI C header files
configure:7735: gcc -c -g -O2  conftest.c >&5
configure:7735: $? = 0
configure:7808: gcc -o conftest -g -O2   conftest.c  >&5
configure:7808: $? = 0
configure:7808: ./conftest
configure:7808: $? = 0
configure:7819: result: yes
configure:7832: checking for sys/types.h
configure:7832: gcc -c -g -O2  conftest.c >&5
configure:7832: $? = 0
configure:7832: result: yes
configure:7832: checking for sys/stat.h
configure:7832: gcc -c -g -O2  conftest.c >&5
configure:7832: $? = 0
configure:7832: result: yes
configure:7832: checking for stdlib.h
configure:7832: gcc -c -g -O2  conftest.c >&5
configure:7832: $? = 0
configure:7832: result: yes
configure:7832: checking for string.h
configure:7832: gcc -c -g -O2  conftest.c >&5
configure:7832: $? = 0
configure:7832: result: yes
configure:7832: checking for memory.h
configure:7832: gcc -c -g -O2  conftest.c >&5
configure:7832: $? = 0
configure:7832: result: yes
configure:7832: checking for strings.h
configure:7832: gcc -c -g -O2  conftest.c >&5
configure:7832: $? = 0
configure:7832: result: yes
configure:7832: checking for inttypes.h
configure:7832: gcc -c -g -O2  conftest.c >&5
configure:7832: $? = 0
configure:7832: result: yes
configure:7832: checking for stdint.h
configure:7832: gcc -c -g -O2  conftest.c >&5
configure:7832: $? = 0
configure:7832: result: yes
configure:7832: checking for unistd.h
configure:7832: gcc -c -g -O2  conftest.c >&5
configure:7832: $? = 0
configure:7832: result: yes
configure:7846: checking for dlfcn.h
configure:7846: gcc -c -g -O2  conftest.c >&5
configure:7846: $? = 0
configure:7846: result: yes
configure:8102: checking for objdir
configure:8117: result: .libs
configure:8381: checking if gcc supports -fno-rtti -fno-exceptions
configure:8399: gcc -c -g -O2  -fno-rtti -fno-exceptions conftest.c >&5
cc1: warning: command line option '-fno-rtti' is valid for C++/ObjC++ but not for C
configure:8403: $? = 0
configure:8416: result: no
configure:8774: checking for gcc option to produce PIC
configure:8781: result: -fPIC -DPIC
configure:8789: checking if gcc PIC flag -fPIC -DPIC works
configure:8807: gcc -c -g -O2  -fPIC -DPIC -DPIC conftest.c >&5
configure:8811: $? = 0
configure:8824: result: yes
configure:8853: checking if gcc static flag -static works
configure:8881: result: no
configure:8896: checking if gcc supports -c -o file.o
configure:8917: gcc -c -g -O2  -o out/conftest2.o conftest.c >&5
configure:8921: $? = 0
configure:8943: result: yes
configure:8951: checking if gcc supports -c -o file.o
configure:8998: result: yes
configure:9031: checking whether the gcc linker (/usr/bin/ld -m elf_x86_64) supports shared libraries
configure:10290: result: yes
configure:10327: checking whether -lc should be explicitly linked in
configure:10335: gcc -c -g -O2  conftest.c >&5
configure:10338: $? = 0
configure:10353: gcc -shared  -fPIC -DPIC conftest.o  -v -Wl,-soname -Wl,conftest -o conftest 2\>\&1 \| /usr/bin/grep  -lc  \>/dev/null 2\>\&1
configure:10356: $? = 0
configure:10370: result: no
configure:10530: checking dynamic linker characteristics
configure:11111: gcc -o conftest -g -O2   -Wl,-rpath -Wl,/foo conftest.c  >&5
configure:11111: $? = 0
configure:11348: result: GNU/Linux ld.so
configure:11470: checking how to hardcode library paths into programs
configure:11495: result: immediate
configure:12043: checking whether stripping libraries is possible
configure:12048: result: yes
configure:12083: checking if libtool supports shared libraries
configure:12085: result: yes
configure:12088: checking whether to build shared libraries
configure:12113: result: yes
configure:12116: checking whether to build static libraries
configure:12120: result: yes
configure:12161: checking for visibility support
configure:12186: gcc -c -g -O2 -Werror -fvisibility=hidden  conftest.c >&5
configure:12186: $? = 0
configure:12195: result: yes
configure:12226: checking CFLAGS for gcc -Wall
configure:12253: gcc -c -g -O2 -fvisibility=hidden -pedantic -Werror  -Wall  conftest.c >&5
configure:12253: $? = 0
configure:12267: result: -Wall
configure:12280: : CFLAGS="$CFLAGS $var"
configure:12283: $? = 0
configure:12290: checking CFLAGS for gcc -Wwrite-strings
configure:12317: gcc -c -g -O2 -fvisibility=hidden -Wall -pedantic -Werror  -Wwrite-strings  conftest.c >&5
configure:12317: $? = 0
configure:12331: result: -Wwrite-strings
configure:12344: : CFLAGS="$CFLAGS $var"
configure:12347: $? = 0
configure:12354: checking CFLAGS for gcc -Wsign-compare
configure:12381: gcc -c -g -O2 -fvisibility=hidden -Wall -Wwrite-strings -pedantic -Werror  -Wsign-compare  conftest.c >&5
configure:12381: $? = 0
configure:12395: result: -Wsign-compare
configure:12408: : CFLAGS="$CFLAGS $var"
configure:12411: $? = 0
configure:12418: checking CFLAGS for gcc -Wcast-align
configure:12445: gcc -c -g -O2 -fvisibility=hidden -Wall -Wwrite-strings -Wsign-compare -pedantic -Werror  -Wcast-align  conftest.c >&5
configure:12445: $? = 0
configure:12459: result: -Wcast-align
configure:12472: : CFLAGS="$CFLAGS $var"
configure:12475: $? = 0
configure:12482: checking CFLAGS for gcc -Wextra
configure:12509: gcc -c -g -O2 -fvisibility=hidden -Wall -Wwrite-strings -Wsign-compare -Wcast-align -pedantic -Werror  -Wextra  conftest.c >&5
configure:12509: $? = 0
configure:12523: result: -Wextra
configure:12536: : CFLAGS="$CFLAGS $var"
configure:12539: $? = 0
configure:12546: checking CFLAGS for gcc -Wformat
configure:12573: gcc -c -g -O2 -fvisibility=hidden -Wall -Wwrite-strings -Wsign-compare -Wcast-align -Wextra -pedantic -Werror  -Wformat  conftest.c >&5
configure:12573: $? = 0
configure:12587: result: -Wformat
configure:12600: : CFLAGS="$CFLAGS $var"
configure:12603: $? = 0
configure:12610: checking CFLAGS for gcc -Wformat-security
configure:12637: gcc -c -g -O2 -fvisibility=hidden -Wall -Wwrite-strings -Wsign-compare -Wcast-align -Wextra -Wformat -pedantic -Werror  -Wformat-security  conftest.c >&5
configure:12637: $? = 0
configure:12651: result: -Wformat-security
configure:12664: : CFLAGS="$CFLAGS $var"
configure:12667: $? = 0
configure:12674: checking CFLAGS for gcc -Wno-unused-parameter
configure:12701: gcc -c -g -O2 -fvisibility=hidden -Wall -Wwrite-strings -Wsign-compare -Wcast-align -Wextra -Wformat -Wformat-security -pedantic -Werror  -Wno-unused-parameter  conftest.c >&5
configure:12701: $? = 0
configure:12715: result: -Wno-unused-parameter
configure:12728: : CFLAGS="$CFLAGS $var"
configure:12731: $? = 0
configure:12738: checking CFLAGS for gcc -fno-strict-aliasing
configure:12765: gcc -c -g -O2 -fvisibility=hidden -Wall -Wwrite-strings -Wsign-compare -Wcast-align -Wextra -Wformat -Wformat-security -Wno-unused-parameter -pedantic -Werror  -fno-strict-aliasing  conftest.c >&5
configure:12765: $? = 0
configure:12779: result: -fno-strict-aliasing
configure:12792: : CFLAGS="$CFLAGS $var"
configure:12795: $? = 0
configure:12802: checking CFLAGS for gcc -fdiagnostics-show-option
configure:12829: gcc -c -g -O2 -fvisibility=hidden -Wall -Wwrite-strings -Wsign-compare -Wcast-align -Wextra -Wformat -Wformat-security -Wno-unused-parameter -fno-strict-aliasing -pedantic -Werror  -fdiagnostics-show-option  conftest.c >&5
configure:12829: $? = 0
configure:12843: result: -fdiagnostics-show-option
configure:12856: : CFLAGS="$CFLAGS $var"
configure:12859: $? = 0
configure:12866: checking CFLAGS for gcc -pedantic -std=c99 -D_GNU_SOURCE
configure:12893: gcc -c -g -O2 -fvisibility=hidden -Wall -Wwrite-strings -Wsign-compare -Wcast-align -Wextra -Wformat -Wformat-security -Wno-unused-parameter -fno-strict-aliasing -fdiagnostics-show-option -pedantic -Werror  -pedantic -std=c99 -D_GNU_SOURCE  conftest.c >&5
configure:12893: $? = 0
configure:12907: result: -pedantic -std=c99 -D_GNU_SOURCE
configure:12920: : CFLAGS="$CFLAGS $var"
configure:12923: $? = 0
configure:12942: checking for getaddrinfo
configure:12942: gcc -o conftest -g -O2 -fvisibility=hidden -Wall -Wwrite-strings -Wsign-compare -Wcast-align -Wextra -Wformat -Wformat-security -Wno-unused-parameter -fno-strict-aliasing -fdiagnostics-show-option -pedantic -std=c99 -D_GNU_SOURCE   conftest.c  >&5
configure:12942: $? = 0
configure:12942: result: yes
configure:12982: checking for flex
configure:12998: found /usr/bin/flex
configure:13009: result: flex
configure:13024: checking for flex 2.4 or higher
configure:13036: result: yes
configure:13052: checking for bison
configure:13068: found /usr/bin/bison
configure:13079: result: bison
configure:13231: checking linux/if_ether.h usability
configure:13231: gcc -c -g -O2 -fvisibility=hidden -Wall -Wwrite-strings -Wsign-compare -Wcast-align -Wextra -Wformat -Wformat-security -Wno-unused-parameter -fno-strict-aliasing -fdiagnostics-show-option -pedantic -std=c99 -D_GNU_SOURCE   conftest.c >&5
configure:13231: $? = 0
configure:13231: result: yes
configure:13231: checking linux/if_ether.h presence
configure:13231: gcc -E   conftest.c
configure:13231: $? = 0
configure:13231: result: yes
configure:13231: checking for linux/if_ether.h
configure:13231: result: yes
configure:13231: checking linux/if_packet.h usability
configure:13231: gcc -c -g -O2 -fvisibility=hidden -Wall -Wwrite-strings -Wsign-compare -Wcast-align -Wextra -Wformat -Wformat-security -Wno-unused-parameter -fno-strict-aliasing -fdiagnostics-show-option -pedantic -std=c99 -D_GNU_SOURCE   conftest.c >&5
configure:13231: $? = 0
configure:13231: result: yes
configure:13231: checking linux/if_packet.h presence
configure:13231: gcc -E   conftest.c
configure:13231: $? = 0
configure:13231: result: yes
configure:13231: checking for linux/if_packet.h
configure:13231: result: yes
configure:13243: checking whether TPACKET2_HDRLEN is declared
configure:13243: gcc -c -g -O2 -fvisibility=hidden -Wall -Wwrite-strings -Wsign-compare -Wcast-align -Wextra -Wformat -Wformat-security -Wno-unused-parameter -fno-strict-aliasing -fdiagnostics-show-option -pedantic -std=c99 -D_GNU_SOURCE   conftest.c >&5
configure:13243: $? = 0
configure:13243: result: yes
configure:13259: checking whether PACKET_TX_RING is declared
configure:13259: gcc -c -g -O2 -fvisibility=hidden -Wall -Wwrite-strings -Wsign-compare -Wcast-align -Wextra -Wformat -Wformat-security -Wno-unused-parameter -fno-strict-aliasing -fdiagnostics-show-option -pedantic -std=c99 -D_GNU_SOURCE   conftest.c >&5
configure:13259: $? = 0
configure:13259: result: yes
configure:13305: checking /project/dpdk_napatech//x86_64-native-linuxapp-gcc/include/rte_config.h usability
configure:13305: gcc -c -g -O2 -fvisibility=hidden -Wall -Wwrite-strings -Wsign-compare -Wcast-align -Wextra -Wformat -Wformat-security -Wno-unused-parameter -fno-strict-aliasing -fdiagnostics-show-option -pedantic -std=c99 -D_GNU_SOURCE   conftest.c >&5
configure:13305: $? = 0
configure:13305: result: yes
configure:13305: checking /project/dpdk_napatech//x86_64-native-linuxapp-gcc/include/rte_config.h presence
configure:13305: gcc -E   conftest.c
configure:13305: $? = 0
configure:13305: result: yes
configure:13305: checking for /project/dpdk_napatech//x86_64-native-linuxapp-gcc/include/rte_config.h
configure:13305: result: yes
configure:13344: checking pcap.h usability
configure:13344: gcc -c -g -O2 -fvisibility=hidden -Wall -Wwrite-strings -Wsign-compare -Wcast-align -Wextra -Wformat -Wformat-security -Wno-unused-parameter -fno-strict-aliasing -fdiagnostics-show-option -pedantic -std=c99 -D_GNU_SOURCE -std=gnu99 -Wno-pedantic   -I/project/dpdk_napatech//x86_64-native-linuxapp-gcc/include conftest.c >&5
configure:13344: $? = 0
configure:13344: result: yes
configure:13344: checking pcap.h presence
configure:13344: gcc -E   -I/project/dpdk_napatech//x86_64-native-linuxapp-gcc/include conftest.c
configure:13344: $? = 0
configure:13344: result: yes
configure:13344: checking for pcap.h
configure:13344: result: yes
configure:13352: checking for pcap_lib_version in -lpcap
configure:13377: gcc -o conftest -g -O2 -fvisibility=hidden -Wall -Wwrite-strings -Wsign-compare -Wcast-align -Wextra -Wformat -Wformat-security -Wno-unused-parameter -fno-strict-aliasing -fdiagnostics-show-option -pedantic -std=c99 -D_GNU_SOURCE -std=gnu99 -Wno-pedantic   -I/project/dpdk_napatech//x86_64-native-linuxapp-gcc/include  conftest.c -lpcap   >&5
configure:13377: $? = 0
configure:13386: result: yes
configure:13444: checking netinet/in.h usability
configure:13444: gcc -c -g -O2 -fvisibility=hidden -Wall -Wwrite-strings -Wsign-compare -Wcast-align -Wextra -Wformat -Wformat-security -Wno-unused-parameter -fno-strict-aliasing -fdiagnostics-show-option -pedantic -std=c99 -D_GNU_SOURCE -std=gnu99 -Wno-pedantic   -I/project/dpdk_napatech//x86_64-native-linuxapp-gcc/include conftest.c >&5
configure:13444: $? = 0
configure:13444: result: yes
configure:13444: checking netinet/in.h presence
configure:13444: gcc -E   -I/project/dpdk_napatech//x86_64-native-linuxapp-gcc/include conftest.c
configure:13444: $? = 0
configure:13444: result: yes
configure:13444: checking for netinet/in.h
configure:13444: result: yes
configure:13444: checking libipq.h usability
configure:13444: gcc -c -g -O2 -fvisibility=hidden -Wall -Wwrite-strings -Wsign-compare -Wcast-align -Wextra -Wformat -Wformat-security -Wno-unused-parameter -fno-strict-aliasing -fdiagnostics-show-option -pedantic -std=c99 -D_GNU_SOURCE -std=gnu99 -Wno-pedantic   -I/project/dpdk_napatech//x86_64-native-linuxapp-gcc/include conftest.c >&5
conftest.c:64:10: fatal error: libipq.h: No such file or directory
 #include <libipq.h>
          ^~~~~~~~~~
compilation terminated.
configure:13444: $? = 1
configure: failed program was:
| /* confdefs.h */
| #define PACKAGE_NAME "daq"
| #define PACKAGE_TARNAME "daq"
| #define PACKAGE_VERSION "2.0.6"
| #define PACKAGE_STRING "daq 2.0.6"
| #define PACKAGE_BUGREPORT "snort-team@sourcefire.com"
| #define PACKAGE_URL ""
| #define PACKAGE "daq"
| #define VERSION "2.0.6"
| #define STDC_HEADERS 1
| #define HAVE_SYS_TYPES_H 1
| #define HAVE_SYS_STAT_H 1
| #define HAVE_STDLIB_H 1
| #define HAVE_STRING_H 1
| #define HAVE_MEMORY_H 1
| #define HAVE_STRINGS_H 1
| #define HAVE_INTTYPES_H 1
| #define HAVE_STDINT_H 1
| #define HAVE_UNISTD_H 1
| #define HAVE_DLFCN_H 1
| #define LT_OBJDIR ".libs/"
| #define HAVE_VISIBILITY 1
| #define INET6 1
| #define HAVE_LINUX_IF_ETHER_H 1
| #define HAVE_LINUX_IF_PACKET_H 1
| #define HAVE_DECL_TPACKET2_HDRLEN 1
| #define HAVE_DECL_PACKET_TX_RING 1
| #define HAVE_LIBPCAP 1
| #define HAVE_NETINET_IN_H 1
| /* end confdefs.h.  */
| #include <stdio.h>
| #ifdef HAVE_SYS_TYPES_H
| # include <sys/types.h>
| #endif
| #ifdef HAVE_SYS_STAT_H
| # include <sys/stat.h>
| #endif
| #ifdef STDC_HEADERS
| # include <stdlib.h>
| # include <stddef.h>
| #else
| # ifdef HAVE_STDLIB_H
| #  include <stdlib.h>
| # endif
| #endif
| #ifdef HAVE_STRING_H
| # if !defined STDC_HEADERS && defined HAVE_MEMORY_H
| #  include <memory.h>
| # endif
| # include <string.h>
| #endif
| #ifdef HAVE_STRINGS_H
| # include <strings.h>
| #endif
| #ifdef HAVE_INTTYPES_H
| # include <inttypes.h>
| #endif
| #ifdef HAVE_STDINT_H
| # include <stdint.h>
| #endif
| #ifdef HAVE_UNISTD_H
| # include <unistd.h>
| #endif
| #include <libipq.h>
configure:13444: result: no
configure:13444: checking libipq.h presence
configure:13444: gcc -E   -I/project/dpdk_napatech//x86_64-native-linuxapp-gcc/include conftest.c
conftest.c:31:10: fatal error: libipq.h: No such file or directory
 #include <libipq.h>
          ^~~~~~~~~~
compilation terminated.
configure:13444: $? = 1
configure: failed program was:
| /* confdefs.h */
| #define PACKAGE_NAME "daq"
| #define PACKAGE_TARNAME "daq"
| #define PACKAGE_VERSION "2.0.6"
| #define PACKAGE_STRING "daq 2.0.6"
| #define PACKAGE_BUGREPORT "snort-team@sourcefire.com"
| #define PACKAGE_URL ""
| #define PACKAGE "daq"
| #define VERSION "2.0.6"
| #define STDC_HEADERS 1
| #define HAVE_SYS_TYPES_H 1
| #define HAVE_SYS_STAT_H 1
| #define HAVE_STDLIB_H 1
| #define HAVE_STRING_H 1
| #define HAVE_MEMORY_H 1
| #define HAVE_STRINGS_H 1
| #define HAVE_INTTYPES_H 1
| #define HAVE_STDINT_H 1
| #define HAVE_UNISTD_H 1
| #define HAVE_DLFCN_H 1
| #define LT_OBJDIR ".libs/"
| #define HAVE_VISIBILITY 1
| #define INET6 1
| #define HAVE_LINUX_IF_ETHER_H 1
| #define HAVE_LINUX_IF_PACKET_H 1
| #define HAVE_DECL_TPACKET2_HDRLEN 1
| #define HAVE_DECL_PACKET_TX_RING 1
| #define HAVE_LIBPCAP 1
| #define HAVE_NETINET_IN_H 1
| /* end confdefs.h.  */
| #include <libipq.h>
configure:13444: result: no
configure:13444: checking for libipq.h
configure:13444: result: no
configure:13456: checking for linux/netfilter.h
configure:13456: gcc -c -g -O2 -fvisibility=hidden -Wall -Wwrite-strings -Wsign-compare -Wcast-align -Wextra -Wformat -Wformat-security -Wno-unused-parameter -fno-strict-aliasing -fdiagnostics-show-option -pedantic -std=c99 -D_GNU_SOURCE -std=gnu99 -Wno-pedantic   -I/project/dpdk_napatech//x86_64-native-linuxapp-gcc/include conftest.c >&5
configure:13456: $? = 0
configure:13456: result: yes
configure:13492: checking for netinet/in.h
configure:13492: result: yes
configure:13492: checking libnetfilter_queue/libnetfilter_queue.h usability
configure:13492: gcc -c -g -O2 -fvisibility=hidden -Wall -Wwrite-strings -Wsign-compare -Wcast-align -Wextra -Wformat -Wformat-security -Wno-unused-parameter -fno-strict-aliasing -fdiagnostics-show-option -pedantic -std=c99 -D_GNU_SOURCE -std=gnu99 -Wno-pedantic   -I/project/dpdk_napatech//x86_64-native-linuxapp-gcc/include conftest.c >&5
configure:13492: $? = 0
configure:13492: result: yes
configure:13492: checking libnetfilter_queue/libnetfilter_queue.h presence
configure:13492: gcc -E   -I/project/dpdk_napatech//x86_64-native-linuxapp-gcc/include conftest.c
configure:13492: $? = 0
configure:13492: result: yes
configure:13492: checking for libnetfilter_queue/libnetfilter_queue.h
configure:13492: result: yes
configure:13504: checking for linux/netfilter.h
configure:13504: result: yes
configure:13537: checking for pcap.h
configure:13537: result: yes
configure:13547: checking for pcap_lib_version
configure:13549: checking for pcap_lib_version in -lpcap
configure:13583: result: yes
configure:13598: checking for libpcap version >= "1.0.0"
configure:13628: gcc -o conftest -g -O2 -fvisibility=hidden -Wall -Wwrite-strings -Wsign-compare -Wcast-align -Wextra -Wformat -Wformat-security -Wno-unused-parameter -fno-strict-aliasing -fdiagnostics-show-option -pedantic -std=c99 -D_GNU_SOURCE -std=gnu99 -Wno-pedantic   -I/project/dpdk_napatech//x86_64-native-linuxapp-gcc/include  conftest.c -lpcap -lpcap  >&5
configure:13628: $? = 0
configure:13628: ./conftest
configure:13628: $? = 0
configure:13638: result: yes
configure:13673: checking for net/netmap.h
configure:13673: gcc -c -g -O2 -fvisibility=hidden -Wall -Wwrite-strings -Wsign-compare -Wcast-align -Wextra -Wformat -Wformat-security -Wno-unused-parameter -fno-strict-aliasing -fdiagnostics-show-option -pedantic -std=c99 -D_GNU_SOURCE -std=gnu99 -Wno-pedantic   -I/project/dpdk_napatech//x86_64-native-linuxapp-gcc/include conftest.c >&5
conftest.c:39:10: fatal error: net/netmap.h: No such file or directory
 #include <net/netmap.h>
          ^~~~~~~~~~~~~~
compilation terminated.
configure:13673: $? = 1
configure: failed program was:
| /* confdefs.h */
| #define PACKAGE_NAME "daq"
| #define PACKAGE_TARNAME "daq"
| #define PACKAGE_VERSION "2.0.6"
| #define PACKAGE_STRING "daq 2.0.6"
| #define PACKAGE_BUGREPORT "snort-team@sourcefire.com"
| #define PACKAGE_URL ""
| #define PACKAGE "daq"
| #define VERSION "2.0.6"
| #define STDC_HEADERS 1
| #define HAVE_SYS_TYPES_H 1
| #define HAVE_SYS_STAT_H 1
| #define HAVE_STDLIB_H 1
| #define HAVE_STRING_H 1
| #define HAVE_MEMORY_H 1
| #define HAVE_STRINGS_H 1
| #define HAVE_INTTYPES_H 1
| #define HAVE_STDINT_H 1
| #define HAVE_UNISTD_H 1
| #define HAVE_DLFCN_H 1
| #define LT_OBJDIR ".libs/"
| #define HAVE_VISIBILITY 1
| #define INET6 1
| #define HAVE_LINUX_IF_ETHER_H 1
| #define HAVE_LINUX_IF_PACKET_H 1
| #define HAVE_DECL_TPACKET2_HDRLEN 1
| #define HAVE_DECL_PACKET_TX_RING 1
| #define HAVE_LIBPCAP 1
| #define HAVE_NETINET_IN_H 1
| #define HAVE_NETINET_IN_H 1
| #define HAVE_LIBNETFILTER_QUEUE_LIBNETFILTER_QUEUE_H 1
| /* end confdefs.h.  */
| 
|                       #include <stdint.h>
|                       #include <sys/socket.h>
|                       #include <net/if.h>
| 
| 
| #include <net/netmap.h>
configure:13673: result: no
configure:13673: checking for net/netmap_user.h
configure:13673: gcc -c -g -O2 -fvisibility=hidden -Wall -Wwrite-strings -Wsign-compare -Wcast-align -Wextra -Wformat -Wformat-security -Wno-unused-parameter -fno-strict-aliasing -fdiagnostics-show-option -pedantic -std=c99 -D_GNU_SOURCE -std=gnu99 -Wno-pedantic   -I/project/dpdk_napatech//x86_64-native-linuxapp-gcc/include conftest.c >&5
conftest.c:39:10: fatal error: net/netmap_user.h: No such file or directory
 #include <net/netmap_user.h>
          ^~~~~~~~~~~~~~~~~~~
compilation terminated.
configure:13673: $? = 1
configure: failed program was:
| /* confdefs.h */
| #define PACKAGE_NAME "daq"
| #define PACKAGE_TARNAME "daq"
| #define PACKAGE_VERSION "2.0.6"
| #define PACKAGE_STRING "daq 2.0.6"
| #define PACKAGE_BUGREPORT "snort-team@sourcefire.com"
| #define PACKAGE_URL ""
| #define PACKAGE "daq"
| #define VERSION "2.0.6"
| #define STDC_HEADERS 1
| #define HAVE_SYS_TYPES_H 1
| #define HAVE_SYS_STAT_H 1
| #define HAVE_STDLIB_H 1
| #define HAVE_STRING_H 1
| #define HAVE_MEMORY_H 1
| #define HAVE_STRINGS_H 1
| #define HAVE_INTTYPES_H 1
| #define HAVE_STDINT_H 1
| #define HAVE_UNISTD_H 1
| #define HAVE_DLFCN_H 1
| #define LT_OBJDIR ".libs/"
| #define HAVE_VISIBILITY 1
| #define INET6 1
| #define HAVE_LINUX_IF_ETHER_H 1
| #define HAVE_LINUX_IF_PACKET_H 1
| #define HAVE_DECL_TPACKET2_HDRLEN 1
| #define HAVE_DECL_PACKET_TX_RING 1
| #define HAVE_LIBPCAP 1
| #define HAVE_NETINET_IN_H 1
| #define HAVE_NETINET_IN_H 1
| #define HAVE_LIBNETFILTER_QUEUE_LIBNETFILTER_QUEUE_H 1
| /* end confdefs.h.  */
| 
|                       #include <stdint.h>
|                       #include <sys/socket.h>
|                       #include <net/if.h>
| 
| 
| #include <net/netmap_user.h>
configure:13673: result: no
configure:13690: checking whether NETMAP_API is declared
configure:13690: gcc -c -g -O2 -fvisibility=hidden -Wall -Wwrite-strings -Wsign-compare -Wcast-align -Wextra -Wformat -Wformat-security -Wno-unused-parameter -fno-strict-aliasing -fdiagnostics-show-option -pedantic -std=c99 -D_GNU_SOURCE -std=gnu99 -Wno-pedantic   -I/project/dpdk_napatech//x86_64-native-linuxapp-gcc/include conftest.c >&5
conftest.c:37:29: fatal error: net/netmap.h: No such file or directory
                    #include <net/netmap.h>
                             ^~~~~~~~~~~~~~
compilation terminated.
configure:13690: $? = 1
configure: failed program was:
| /* confdefs.h */
| #define PACKAGE_NAME "daq"
| #define PACKAGE_TARNAME "daq"
| #define PACKAGE_VERSION "2.0.6"
| #define PACKAGE_STRING "daq 2.0.6"
| #define PACKAGE_BUGREPORT "snort-team@sourcefire.com"
| #define PACKAGE_URL ""
| #define PACKAGE "daq"
| #define VERSION "2.0.6"
| #define STDC_HEADERS 1
| #define HAVE_SYS_TYPES_H 1
| #define HAVE_SYS_STAT_H 1
| #define HAVE_STDLIB_H 1
| #define HAVE_STRING_H 1
| #define HAVE_MEMORY_H 1
| #define HAVE_STRINGS_H 1
| #define HAVE_INTTYPES_H 1
| #define HAVE_STDINT_H 1
| #define HAVE_UNISTD_H 1
| #define HAVE_DLFCN_H 1
| #define LT_OBJDIR ".libs/"
| #define HAVE_VISIBILITY 1
| #define INET6 1
| #define HAVE_LINUX_IF_ETHER_H 1
| #define HAVE_LINUX_IF_PACKET_H 1
| #define HAVE_DECL_TPACKET2_HDRLEN 1
| #define HAVE_DECL_PACKET_TX_RING 1
| #define HAVE_LIBPCAP 1
| #define HAVE_NETINET_IN_H 1
| #define HAVE_NETINET_IN_H 1
| #define HAVE_LIBNETFILTER_QUEUE_LIBNETFILTER_QUEUE_H 1
| /* end confdefs.h.  */
| 
|                    #include <stdint.h>
|                    #include <sys/socket.h>
|                    #include <net/if.h>
|                    #include <net/netmap.h>
| 
| 
| int
| main ()
| {
| #ifndef NETMAP_API
| #ifdef __cplusplus
|   (void) NETMAP_API;
| #else
|   (void) NETMAP_API;
| #endif
| #endif
| 
|   ;
|   return 0;
| }
configure:13690: result: no
configure:13719: checking dnet.h usability
configure:13719: gcc -c -g -O2 -fvisibility=hidden -Wall -Wwrite-strings -Wsign-compare -Wcast-align -Wextra -Wformat -Wformat-security -Wno-unused-parameter -fno-strict-aliasing -fdiagnostics-show-option -pedantic -std=c99 -D_GNU_SOURCE -std=gnu99 -Wno-pedantic   -I/project/dpdk_napatech//x86_64-native-linuxapp-gcc/include conftest.c >&5
configure:13719: $? = 0
configure:13719: result: yes
configure:13719: checking dnet.h presence
configure:13719: gcc -E   -I/project/dpdk_napatech//x86_64-native-linuxapp-gcc/include conftest.c
configure:13719: $? = 0
configure:13719: result: yes
configure:13719: checking for dnet.h
configure:13719: result: yes
configure:13733: checking dumbnet.h usability
configure:13733: gcc -c -g -O2 -fvisibility=hidden -Wall -Wwrite-strings -Wsign-compare -Wcast-align -Wextra -Wformat -Wformat-security -Wno-unused-parameter -fno-strict-aliasing -fdiagnostics-show-option -pedantic -std=c99 -D_GNU_SOURCE -std=gnu99 -Wno-pedantic   -I/project/dpdk_napatech//x86_64-native-linuxapp-gcc/include conftest.c >&5
conftest.c:67:10: fatal error: dumbnet.h: No such file or directory
 #include <dumbnet.h>
          ^~~~~~~~~~~
compilation terminated.
configure:13733: $? = 1
configure: failed program was:
| /* confdefs.h */
| #define PACKAGE_NAME "daq"
| #define PACKAGE_TARNAME "daq"
| #define PACKAGE_VERSION "2.0.6"
| #define PACKAGE_STRING "daq 2.0.6"
| #define PACKAGE_BUGREPORT "snort-team@sourcefire.com"
| #define PACKAGE_URL ""
| #define PACKAGE "daq"
| #define VERSION "2.0.6"
| #define STDC_HEADERS 1
| #define HAVE_SYS_TYPES_H 1
| #define HAVE_SYS_STAT_H 1
| #define HAVE_STDLIB_H 1
| #define HAVE_STRING_H 1
| #define HAVE_MEMORY_H 1
| #define HAVE_STRINGS_H 1
| #define HAVE_INTTYPES_H 1
| #define HAVE_STDINT_H 1
| #define HAVE_UNISTD_H 1
| #define HAVE_DLFCN_H 1
| #define LT_OBJDIR ".libs/"
| #define HAVE_VISIBILITY 1
| #define INET6 1
| #define HAVE_LINUX_IF_ETHER_H 1
| #define HAVE_LINUX_IF_PACKET_H 1
| #define HAVE_DECL_TPACKET2_HDRLEN 1
| #define HAVE_DECL_PACKET_TX_RING 1
| #define HAVE_LIBPCAP 1
| #define HAVE_NETINET_IN_H 1
| #define HAVE_NETINET_IN_H 1
| #define HAVE_LIBNETFILTER_QUEUE_LIBNETFILTER_QUEUE_H 1
| #define HAVE_DNET_H 1
| /* end confdefs.h.  */
| #include <stdio.h>
| #ifdef HAVE_SYS_TYPES_H
| # include <sys/types.h>
| #endif
| #ifdef HAVE_SYS_STAT_H
| # include <sys/stat.h>
| #endif
| #ifdef STDC_HEADERS
| # include <stdlib.h>
| # include <stddef.h>
| #else
| # ifdef HAVE_STDLIB_H
| #  include <stdlib.h>
| # endif
| #endif
| #ifdef HAVE_STRING_H
| # if !defined STDC_HEADERS && defined HAVE_MEMORY_H
| #  include <memory.h>
| # endif
| # include <string.h>
| #endif
| #ifdef HAVE_STRINGS_H
| # include <strings.h>
| #endif
| #ifdef HAVE_INTTYPES_H
| # include <inttypes.h>
| #endif
| #ifdef HAVE_STDINT_H
| # include <stdint.h>
| #endif
| #ifdef HAVE_UNISTD_H
| # include <unistd.h>
| #endif
| #include <dumbnet.h>
configure:13733: result: no
configure:13733: checking dumbnet.h presence
configure:13733: gcc -E   -I/project/dpdk_napatech//x86_64-native-linuxapp-gcc/include conftest.c
conftest.c:34:10: fatal error: dumbnet.h: No such file or directory
 #include <dumbnet.h>
          ^~~~~~~~~~~
compilation terminated.
configure:13733: $? = 1
configure: failed program was:
| /* confdefs.h */
| #define PACKAGE_NAME "daq"
| #define PACKAGE_TARNAME "daq"
| #define PACKAGE_VERSION "2.0.6"
| #define PACKAGE_STRING "daq 2.0.6"
| #define PACKAGE_BUGREPORT "snort-team@sourcefire.com"
| #define PACKAGE_URL ""
| #define PACKAGE "daq"
| #define VERSION "2.0.6"
| #define STDC_HEADERS 1
| #define HAVE_SYS_TYPES_H 1
| #define HAVE_SYS_STAT_H 1
| #define HAVE_STDLIB_H 1
| #define HAVE_STRING_H 1
| #define HAVE_MEMORY_H 1
| #define HAVE_STRINGS_H 1
| #define HAVE_INTTYPES_H 1
| #define HAVE_STDINT_H 1
| #define HAVE_UNISTD_H 1
| #define HAVE_DLFCN_H 1
| #define LT_OBJDIR ".libs/"
| #define HAVE_VISIBILITY 1
| #define INET6 1
| #define HAVE_LINUX_IF_ETHER_H 1
| #define HAVE_LINUX_IF_PACKET_H 1
| #define HAVE_DECL_TPACKET2_HDRLEN 1
| #define HAVE_DECL_PACKET_TX_RING 1
| #define HAVE_LIBPCAP 1
| #define HAVE_NETINET_IN_H 1
| #define HAVE_NETINET_IN_H 1
| #define HAVE_LIBNETFILTER_QUEUE_LIBNETFILTER_QUEUE_H 1
| #define HAVE_DNET_H 1
| /* end confdefs.h.  */
| #include <dumbnet.h>
configure:13733: result: no
configure:13733: checking for dumbnet.h
configure:13733: result: no
configure:13756: checking for eth_set in -ldnet
configure:13781: gcc -o conftest -g -O2 -fvisibility=hidden -Wall -Wwrite-strings -Wsign-compare -Wcast-align -Wextra -Wformat -Wformat-security -Wno-unused-parameter -fno-strict-aliasing -fdiagnostics-show-option -pedantic -std=c99 -D_GNU_SOURCE -std=gnu99 -Wno-pedantic   -I/project/dpdk_napatech//x86_64-native-linuxapp-gcc/include  conftest.c -ldnet  -ldnet -lpcap -lpcap  >&5
configure:13781: $? = 0
configure:13790: result: yes
configure:13803: checking for eth_set in -ldumbnet
configure:13828: gcc -o conftest -g -O2 -fvisibility=hidden -Wall -Wwrite-strings -Wsign-compare -Wcast-align -Wextra -Wformat -Wformat-security -Wno-unused-parameter -fno-strict-aliasing -fdiagnostics-show-option -pedantic -std=c99 -D_GNU_SOURCE -std=gnu99 -Wno-pedantic   -I/project/dpdk_napatech//x86_64-native-linuxapp-gcc/include  conftest.c -ldumbnet  -ldnet -ldnet -lpcap -lpcap  >&5
/usr/bin/ld: cannot find -ldumbnet
collect2: error: ld returned 1 exit status
configure:13828: $? = 1
configure: failed program was:
| /* confdefs.h */
| #define PACKAGE_NAME "daq"
| #define PACKAGE_TARNAME "daq"
| #define PACKAGE_VERSION "2.0.6"
| #define PACKAGE_STRING "daq 2.0.6"
| #define PACKAGE_BUGREPORT "snort-team@sourcefire.com"
| #define PACKAGE_URL ""
| #define PACKAGE "daq"
| #define VERSION "2.0.6"
| #define STDC_HEADERS 1
| #define HAVE_SYS_TYPES_H 1
| #define HAVE_SYS_STAT_H 1
| #define HAVE_STDLIB_H 1
| #define HAVE_STRING_H 1
| #define HAVE_MEMORY_H 1
| #define HAVE_STRINGS_H 1
| #define HAVE_INTTYPES_H 1
| #define HAVE_STDINT_H 1
| #define HAVE_UNISTD_H 1
| #define HAVE_DLFCN_H 1
| #define LT_OBJDIR ".libs/"
| #define HAVE_VISIBILITY 1
| #define INET6 1
| #define HAVE_LINUX_IF_ETHER_H 1
| #define HAVE_LINUX_IF_PACKET_H 1
| #define HAVE_DECL_TPACKET2_HDRLEN 1
| #define HAVE_DECL_PACKET_TX_RING 1
| #define HAVE_LIBPCAP 1
| #define HAVE_NETINET_IN_H 1
| #define HAVE_NETINET_IN_H 1
| #define HAVE_LIBNETFILTER_QUEUE_LIBNETFILTER_QUEUE_H 1
| #define HAVE_DNET_H 1
| #define HAVE_LIBDNET 1
| /* end confdefs.h.  */
| 
| /* Override any GCC internal prototype to avoid an error.
|    Use char because int might match the return type of a GCC
|    builtin and then its argument prototype would still apply.  */
| #ifdef __cplusplus
| extern "C"
| #endif
| char eth_set ();
| int
| main ()
| {
| return eth_set ();
|   ;
|   return 0;
| }
configure:13837: result: no
configure:13891: checking for dlopen in -ldl
configure:13916: gcc -o conftest -g -O2 -fvisibility=hidden -Wall -Wwrite-strings -Wsign-compare -Wcast-align -Wextra -Wformat -Wformat-security -Wno-unused-parameter -fno-strict-aliasing -fdiagnostics-show-option -pedantic -std=c99 -D_GNU_SOURCE -std=gnu99 -Wno-pedantic   -I/project/dpdk_napatech//x86_64-native-linuxapp-gcc/include  conftest.c -ldl   >&5
configure:13916: $? = 0
configure:13925: result: yes
configure:13945: checking for inttypes.h
configure:13945: result: yes
configure:13945: checking for memory.h
configure:13945: result: yes
configure:13945: checking netdb.h usability
configure:13945: gcc -c -g -O2 -fvisibility=hidden -Wall -Wwrite-strings -Wsign-compare -Wcast-align -Wextra -Wformat -Wformat-security -Wno-unused-parameter -fno-strict-aliasing -fdiagnostics-show-option -pedantic -std=c99 -D_GNU_SOURCE -std=gnu99 -Wno-pedantic   -I/project/dpdk_napatech//x86_64-native-linuxapp-gcc/include conftest.c >&5
configure:13945: $? = 0
configure:13945: result: yes
configure:13945: checking netdb.h presence
configure:13945: gcc -E   -I/project/dpdk_napatech//x86_64-native-linuxapp-gcc/include conftest.c
configure:13945: $? = 0
configure:13945: result: yes
configure:13945: checking for netdb.h
configure:13945: result: yes
configure:13945: checking for netinet/in.h
configure:13945: result: yes
configure:13945: checking for stdint.h
configure:13945: result: yes
configure:13945: checking for stdlib.h
configure:13945: result: yes
configure:13945: checking for string.h
configure:13945: result: yes
configure:13945: checking sys/ioctl.h usability
configure:13945: gcc -c -g -O2 -fvisibility=hidden -Wall -Wwrite-strings -Wsign-compare -Wcast-align -Wextra -Wformat -Wformat-security -Wno-unused-parameter -fno-strict-aliasing -fdiagnostics-show-option -pedantic -std=c99 -D_GNU_SOURCE -std=gnu99 -Wno-pedantic   -I/project/dpdk_napatech//x86_64-native-linuxapp-gcc/include conftest.c >&5
configure:13945: $? = 0
configure:13945: result: yes
configure:13945: checking sys/ioctl.h presence
configure:13945: gcc -E   -I/project/dpdk_napatech//x86_64-native-linuxapp-gcc/include conftest.c
configure:13945: $? = 0
configure:13945: result: yes
configure:13945: checking for sys/ioctl.h
configure:13945: result: yes
configure:13945: checking sys/param.h usability
configure:13945: gcc -c -g -O2 -fvisibility=hidden -Wall -Wwrite-strings -Wsign-compare -Wcast-align -Wextra -Wformat -Wformat-security -Wno-unused-parameter -fno-strict-aliasing -fdiagnostics-show-option -pedantic -std=c99 -D_GNU_SOURCE -std=gnu99 -Wno-pedantic   -I/project/dpdk_napatech//x86_64-native-linuxapp-gcc/include conftest.c >&5
configure:13945: $? = 0
configure:13945: result: yes
configure:13945: checking sys/param.h presence
configure:13945: gcc -E   -I/project/dpdk_napatech//x86_64-native-linuxapp-gcc/include conftest.c
configure:13945: $? = 0
configure:13945: result: yes
configure:13945: checking for sys/param.h
configure:13945: result: yes
configure:13945: checking sys/socket.h usability
configure:13945: gcc -c -g -O2 -fvisibility=hidden -Wall -Wwrite-strings -Wsign-compare -Wcast-align -Wextra -Wformat -Wformat-security -Wno-unused-parameter -fno-strict-aliasing -fdiagnostics-show-option -pedantic -std=c99 -D_GNU_SOURCE -std=gnu99 -Wno-pedantic   -I/project/dpdk_napatech//x86_64-native-linuxapp-gcc/include conftest.c >&5
configure:13945: $? = 0
configure:13945: result: yes
configure:13945: checking sys/socket.h presence
configure:13945: gcc -E   -I/project/dpdk_napatech//x86_64-native-linuxapp-gcc/include conftest.c
configure:13945: $? = 0
configure:13945: result: yes
configure:13945: checking for sys/socket.h
configure:13945: result: yes
configure:13945: checking sys/time.h usability
configure:13945: gcc -c -g -O2 -fvisibility=hidden -Wall -Wwrite-strings -Wsign-compare -Wcast-align -Wextra -Wformat -Wformat-security -Wno-unused-parameter -fno-strict-aliasing -fdiagnostics-show-option -pedantic -std=c99 -D_GNU_SOURCE -std=gnu99 -Wno-pedantic   -I/project/dpdk_napatech//x86_64-native-linuxapp-gcc/include conftest.c >&5
configure:13945: $? = 0
configure:13945: result: yes
configure:13945: checking sys/time.h presence
configure:13945: gcc -E   -I/project/dpdk_napatech//x86_64-native-linuxapp-gcc/include conftest.c
configure:13945: $? = 0
configure:13945: result: yes
configure:13945: checking for sys/time.h
configure:13945: result: yes
configure:13945: checking for unistd.h
configure:13945: result: yes
configure:13957: checking for inline
configure:13973: gcc -c -g -O2 -fvisibility=hidden -Wall -Wwrite-strings -Wsign-compare -Wcast-align -Wextra -Wformat -Wformat-security -Wno-unused-parameter -fno-strict-aliasing -fdiagnostics-show-option -pedantic -std=c99 -D_GNU_SOURCE -std=gnu99 -Wno-pedantic   -I/project/dpdk_napatech//x86_64-native-linuxapp-gcc/include conftest.c >&5
configure:13973: $? = 0
configure:13981: result: inline
configure:13999: checking for size_t
configure:13999: gcc -c -g -O2 -fvisibility=hidden -Wall -Wwrite-strings -Wsign-compare -Wcast-align -Wextra -Wformat -Wformat-security -Wno-unused-parameter -fno-strict-aliasing -fdiagnostics-show-option -pedantic -std=c99 -D_GNU_SOURCE -std=gnu99 -Wno-pedantic   -I/project/dpdk_napatech//x86_64-native-linuxapp-gcc/include conftest.c >&5
configure:13999: $? = 0
configure:13999: gcc -c -g -O2 -fvisibility=hidden -Wall -Wwrite-strings -Wsign-compare -Wcast-align -Wextra -Wformat -Wformat-security -Wno-unused-parameter -fno-strict-aliasing -fdiagnostics-show-option -pedantic -std=c99 -D_GNU_SOURCE -std=gnu99 -Wno-pedantic   -I/project/dpdk_napatech//x86_64-native-linuxapp-gcc/include conftest.c >&5
conftest.c: In function 'main':
conftest.c:83:21: error: expected expression before ')' token
 if (sizeof ((size_t)))
                     ^
configure:13999: $? = 1
configure: failed program was:
| /* confdefs.h */
| #define PACKAGE_NAME "daq"
| #define PACKAGE_TARNAME "daq"
| #define PACKAGE_VERSION "2.0.6"
| #define PACKAGE_STRING "daq 2.0.6"
| #define PACKAGE_BUGREPORT "snort-team@sourcefire.com"
| #define PACKAGE_URL ""
| #define PACKAGE "daq"
| #define VERSION "2.0.6"
| #define STDC_HEADERS 1
| #define HAVE_SYS_TYPES_H 1
| #define HAVE_SYS_STAT_H 1
| #define HAVE_STDLIB_H 1
| #define HAVE_STRING_H 1
| #define HAVE_MEMORY_H 1
| #define HAVE_STRINGS_H 1
| #define HAVE_INTTYPES_H 1
| #define HAVE_STDINT_H 1
| #define HAVE_UNISTD_H 1
| #define HAVE_DLFCN_H 1
| #define LT_OBJDIR ".libs/"
| #define HAVE_VISIBILITY 1
| #define INET6 1
| #define HAVE_LINUX_IF_ETHER_H 1
| #define HAVE_LINUX_IF_PACKET_H 1
| #define HAVE_DECL_TPACKET2_HDRLEN 1
| #define HAVE_DECL_PACKET_TX_RING 1
| #define HAVE_LIBPCAP 1
| #define HAVE_NETINET_IN_H 1
| #define HAVE_NETINET_IN_H 1
| #define HAVE_LIBNETFILTER_QUEUE_LIBNETFILTER_QUEUE_H 1
| #define HAVE_DNET_H 1
| #define HAVE_LIBDNET 1
| #define HAVE_INTTYPES_H 1
| #define HAVE_MEMORY_H 1
| #define HAVE_NETDB_H 1
| #define HAVE_NETINET_IN_H 1
| #define HAVE_STDINT_H 1
| #define HAVE_STDLIB_H 1
| #define HAVE_STRING_H 1
| #define HAVE_SYS_IOCTL_H 1
| #define HAVE_SYS_PARAM_H 1
| #define HAVE_SYS_SOCKET_H 1
| #define HAVE_SYS_TIME_H 1
| #define HAVE_UNISTD_H 1
| /* end confdefs.h.  */
| #include <stdio.h>
| #ifdef HAVE_SYS_TYPES_H
| # include <sys/types.h>
| #endif
| #ifdef HAVE_SYS_STAT_H
| # include <sys/stat.h>
| #endif
| #ifdef STDC_HEADERS
| # include <stdlib.h>
| # include <stddef.h>
| #else
| # ifdef HAVE_STDLIB_H
| #  include <stdlib.h>
| # endif
| #endif
| #ifdef HAVE_STRING_H
| # if !defined STDC_HEADERS && defined HAVE_MEMORY_H
| #  include <memory.h>
| # endif
| # include <string.h>
| #endif
| #ifdef HAVE_STRINGS_H
| # include <strings.h>
| #endif
| #ifdef HAVE_INTTYPES_H
| # include <inttypes.h>
| #endif
| #ifdef HAVE_STDINT_H
| # include <stdint.h>
| #endif
| #ifdef HAVE_UNISTD_H
| # include <unistd.h>
| #endif
| int
| main ()
| {
| if (sizeof ((size_t)))
| 	    return 0;
|   ;
|   return 0;
| }
configure:13999: result: yes
configure:14010: checking for uint16_t
configure:14010: gcc -c -g -O2 -fvisibility=hidden -Wall -Wwrite-strings -Wsign-compare -Wcast-align -Wextra -Wformat -Wformat-security -Wno-unused-parameter -fno-strict-aliasing -fdiagnostics-show-option -pedantic -std=c99 -D_GNU_SOURCE -std=gnu99 -Wno-pedantic   -I/project/dpdk_napatech//x86_64-native-linuxapp-gcc/include conftest.c >&5
configure:14010: $? = 0
configure:14010: result: yes
configure:14022: checking for uint32_t
configure:14022: gcc -c -g -O2 -fvisibility=hidden -Wall -Wwrite-strings -Wsign-compare -Wcast-align -Wextra -Wformat -Wformat-security -Wno-unused-parameter -fno-strict-aliasing -fdiagnostics-show-option -pedantic -std=c99 -D_GNU_SOURCE -std=gnu99 -Wno-pedantic   -I/project/dpdk_napatech//x86_64-native-linuxapp-gcc/include conftest.c >&5
configure:14022: $? = 0
configure:14022: result: yes
configure:14036: checking for uint64_t
configure:14036: gcc -c -g -O2 -fvisibility=hidden -Wall -Wwrite-strings -Wsign-compare -Wcast-align -Wextra -Wformat -Wformat-security -Wno-unused-parameter -fno-strict-aliasing -fdiagnostics-show-option -pedantic -std=c99 -D_GNU_SOURCE -std=gnu99 -Wno-pedantic   -I/project/dpdk_napatech//x86_64-native-linuxapp-gcc/include conftest.c >&5
configure:14036: $? = 0
configure:14036: result: yes
configure:14050: checking for uint8_t
configure:14050: gcc -c -g -O2 -fvisibility=hidden -Wall -Wwrite-strings -Wsign-compare -Wcast-align -Wextra -Wformat -Wformat-security -Wno-unused-parameter -fno-strict-aliasing -fdiagnostics-show-option -pedantic -std=c99 -D_GNU_SOURCE -std=gnu99 -Wno-pedantic   -I/project/dpdk_napatech//x86_64-native-linuxapp-gcc/include conftest.c >&5
configure:14050: $? = 0
configure:14050: result: yes
configure:14068: checking for stdlib.h
configure:14068: result: yes
configure:14078: checking for GNU libc compatible malloc
configure:14102: gcc -o conftest -g -O2 -fvisibility=hidden -Wall -Wwrite-strings -Wsign-compare -Wcast-align -Wextra -Wformat -Wformat-security -Wno-unused-parameter -fno-strict-aliasing -fdiagnostics-show-option -pedantic -std=c99 -D_GNU_SOURCE -std=gnu99 -Wno-pedantic   -I/project/dpdk_napatech//x86_64-native-linuxapp-gcc/include  conftest.c  >&5
configure:14102: $? = 0
configure:14102: ./conftest
configure:14102: $? = 0
configure:14112: result: yes
configure:14139: checking for stdlib.h
configure:14139: result: yes
configure:14139: checking for unistd.h
configure:14139: result: yes
configure:14139: checking for sys/param.h
configure:14139: result: yes
configure:14159: checking for getpagesize
configure:14159: gcc -o conftest -g -O2 -fvisibility=hidden -Wall -Wwrite-strings -Wsign-compare -Wcast-align -Wextra -Wformat -Wformat-security -Wno-unused-parameter -fno-strict-aliasing -fdiagnostics-show-option -pedantic -std=c99 -D_GNU_SOURCE -std=gnu99 -Wno-pedantic   -I/project/dpdk_napatech//x86_64-native-linuxapp-gcc/include  conftest.c  >&5
configure:14159: $? = 0
configure:14159: result: yes
configure:14168: checking for working mmap
configure:14315: gcc -o conftest -g -O2 -fvisibility=hidden -Wall -Wwrite-strings -Wsign-compare -Wcast-align -Wextra -Wformat -Wformat-security -Wno-unused-parameter -fno-strict-aliasing -fdiagnostics-show-option -pedantic -std=c99 -D_GNU_SOURCE -std=gnu99 -Wno-pedantic   -I/project/dpdk_napatech//x86_64-native-linuxapp-gcc/include  conftest.c  >&5
configure:14315: $? = 0
configure:14315: ./conftest
configure:14315: $? = 0
configure:14325: result: yes
configure:14337: checking for gethostbyname
configure:14337: gcc -o conftest -g -O2 -fvisibility=hidden -Wall -Wwrite-strings -Wsign-compare -Wcast-align -Wextra -Wformat -Wformat-security -Wno-unused-parameter -fno-strict-aliasing -fdiagnostics-show-option -pedantic -std=c99 -D_GNU_SOURCE -std=gnu99 -Wno-pedantic   -I/project/dpdk_napatech//x86_64-native-linuxapp-gcc/include  conftest.c  >&5
configure:14337: $? = 0
configure:14337: result: yes
configure:14337: checking for getpagesize
configure:14337: result: yes
configure:14337: checking for memset
configure:14337: gcc -o conftest -g -O2 -fvisibility=hidden -Wall -Wwrite-strings -Wsign-compare -Wcast-align -Wextra -Wformat -Wformat-security -Wno-unused-parameter -fno-strict-aliasing -fdiagnostics-show-option -pedantic -std=c99 -D_GNU_SOURCE -std=gnu99 -Wno-pedantic   -I/project/dpdk_napatech//x86_64-native-linuxapp-gcc/include  conftest.c  >&5
conftest.c:79:6: warning: conflicting types for built-in function 'memset' [-Wbuiltin-declaration-mismatch]
 char memset ();
      ^~~~~~
configure:14337: $? = 0
configure:14337: result: yes
configure:14337: checking for munmap
configure:14337: gcc -o conftest -g -O2 -fvisibility=hidden -Wall -Wwrite-strings -Wsign-compare -Wcast-align -Wextra -Wformat -Wformat-security -Wno-unused-parameter -fno-strict-aliasing -fdiagnostics-show-option -pedantic -std=c99 -D_GNU_SOURCE -std=gnu99 -Wno-pedantic   -I/project/dpdk_napatech//x86_64-native-linuxapp-gcc/include  conftest.c  >&5
configure:14337: $? = 0
configure:14337: result: yes
configure:14337: checking for socket
configure:14337: gcc -o conftest -g -O2 -fvisibility=hidden -Wall -Wwrite-strings -Wsign-compare -Wcast-align -Wextra -Wformat -Wformat-security -Wno-unused-parameter -fno-strict-aliasing -fdiagnostics-show-option -pedantic -std=c99 -D_GNU_SOURCE -std=gnu99 -Wno-pedantic   -I/project/dpdk_napatech//x86_64-native-linuxapp-gcc/include  conftest.c  >&5
configure:14337: $? = 0
configure:14337: result: yes
configure:14337: checking for strchr
configure:14337: gcc -o conftest -g -O2 -fvisibility=hidden -Wall -Wwrite-strings -Wsign-compare -Wcast-align -Wextra -Wformat -Wformat-security -Wno-unused-parameter -fno-strict-aliasing -fdiagnostics-show-option -pedantic -std=c99 -D_GNU_SOURCE -std=gnu99 -Wno-pedantic   -I/project/dpdk_napatech//x86_64-native-linuxapp-gcc/include  conftest.c  >&5
conftest.c:82:6: warning: conflicting types for built-in function 'strchr' [-Wbuiltin-declaration-mismatch]
 char strchr ();
      ^~~~~~
configure:14337: $? = 0
configure:14337: result: yes
configure:14337: checking for strcspn
configure:14337: gcc -o conftest -g -O2 -fvisibility=hidden -Wall -Wwrite-strings -Wsign-compare -Wcast-align -Wextra -Wformat -Wformat-security -Wno-unused-parameter -fno-strict-aliasing -fdiagnostics-show-option -pedantic -std=c99 -D_GNU_SOURCE -std=gnu99 -Wno-pedantic   -I/project/dpdk_napatech//x86_64-native-linuxapp-gcc/include  conftest.c  >&5
conftest.c:83:6: warning: conflicting types for built-in function 'strcspn' [-Wbuiltin-declaration-mismatch]
 char strcspn ();
      ^~~~~~~
configure:14337: $? = 0
configure:14337: result: yes
configure:14337: checking for strdup
configure:14337: gcc -o conftest -g -O2 -fvisibility=hidden -Wall -Wwrite-strings -Wsign-compare -Wcast-align -Wextra -Wformat -Wformat-security -Wno-unused-parameter -fno-strict-aliasing -fdiagnostics-show-option -pedantic -std=c99 -D_GNU_SOURCE -std=gnu99 -Wno-pedantic   -I/project/dpdk_napatech//x86_64-native-linuxapp-gcc/include  conftest.c  >&5
conftest.c:84:6: warning: conflicting types for built-in function 'strdup' [-Wbuiltin-declaration-mismatch]
 char strdup ();
      ^~~~~~
configure:14337: $? = 0
configure:14337: result: yes
configure:14337: checking for strerror
configure:14337: gcc -o conftest -g -O2 -fvisibility=hidden -Wall -Wwrite-strings -Wsign-compare -Wcast-align -Wextra -Wformat -Wformat-security -Wno-unused-parameter -fno-strict-aliasing -fdiagnostics-show-option -pedantic -std=c99 -D_GNU_SOURCE -std=gnu99 -Wno-pedantic   -I/project/dpdk_napatech//x86_64-native-linuxapp-gcc/include  conftest.c  >&5
configure:14337: $? = 0
configure:14337: result: yes
configure:14337: checking for strrchr
configure:14337: gcc -o conftest -g -O2 -fvisibility=hidden -Wall -Wwrite-strings -Wsign-compare -Wcast-align -Wextra -Wformat -Wformat-security -Wno-unused-parameter -fno-strict-aliasing -fdiagnostics-show-option -pedantic -std=c99 -D_GNU_SOURCE -std=gnu99 -Wno-pedantic   -I/project/dpdk_napatech//x86_64-native-linuxapp-gcc/include  conftest.c  >&5
conftest.c:86:6: warning: conflicting types for built-in function 'strrchr' [-Wbuiltin-declaration-mismatch]
 char strrchr ();
      ^~~~~~~
configure:14337: $? = 0
configure:14337: result: yes
configure:14337: checking for strstr
configure:14337: gcc -o conftest -g -O2 -fvisibility=hidden -Wall -Wwrite-strings -Wsign-compare -Wcast-align -Wextra -Wformat -Wformat-security -Wno-unused-parameter -fno-strict-aliasing -fdiagnostics-show-option -pedantic -std=c99 -D_GNU_SOURCE -std=gnu99 -Wno-pedantic   -I/project/dpdk_napatech//x86_64-native-linuxapp-gcc/include  conftest.c  >&5
conftest.c:87:6: warning: conflicting types for built-in function 'strstr' [-Wbuiltin-declaration-mismatch]
 char strstr ();
      ^~~~~~
configure:14337: $? = 0
configure:14337: result: yes
configure:14337: checking for strtoul
configure:14337: gcc -o conftest -g -O2 -fvisibility=hidden -Wall -Wwrite-strings -Wsign-compare -Wcast-align -Wextra -Wformat -Wformat-security -Wno-unused-parameter -fno-strict-aliasing -fdiagnostics-show-option -pedantic -std=c99 -D_GNU_SOURCE -std=gnu99 -Wno-pedantic   -I/project/dpdk_napatech//x86_64-native-linuxapp-gcc/include  conftest.c  >&5
configure:14337: $? = 0
configure:14337: result: yes
configure:14464: checking that generated files are newer than configure
configure:14470: result: done
configure:14533: creating ./config.status

## ---------------------- ##
## Running config.status. ##
## ---------------------- ##

This file was extended by daq config.status 2.0.6, which was
generated by GNU Autoconf 2.69.  Invocation command line was

  CONFIG_FILES    = 
  CONFIG_HEADERS  = 
  CONFIG_LINKS    = 
  CONFIG_COMMANDS = 
  $ ./config.status 

on superbk

config.status:1159: creating Makefile
config.status:1159: creating api/Makefile
config.status:1159: creating os-daq-modules/Makefile
config.status:1159: creating os-daq-modules/daq-modules-config
config.status:1159: creating sfbpf/Makefile
config.status:1159: creating config.h
config.status:1340: config.h is unchanged
config.status:1388: executing depfiles commands
config.status:1388: executing libtool commands
configure:16676: WARNING: unrecognized options: --with-dpdk-includes, --with-dpdk-libraries

## ---------------- ##
## Cache variables. ##
## ---------------- ##

ac_cv_build=x86_64-unknown-linux-gnu
ac_cv_c_compiler_gnu=yes
ac_cv_c_inline=inline
ac_cv_c_uint16_t=yes
ac_cv_c_uint32_t=yes
ac_cv_c_uint64_t=yes
ac_cv_c_uint8_t=yes
ac_cv_env_CC_set=
ac_cv_env_CC_value=
ac_cv_env_CFLAGS_set=
ac_cv_env_CFLAGS_value=
ac_cv_env_CPPFLAGS_set=
ac_cv_env_CPPFLAGS_value=
ac_cv_env_CPP_set=
ac_cv_env_CPP_value=
ac_cv_env_LDFLAGS_set=
ac_cv_env_LDFLAGS_value=
ac_cv_env_LIBS_set=
ac_cv_env_LIBS_value=
ac_cv_env_LT_SYS_LIBRARY_PATH_set=
ac_cv_env_LT_SYS_LIBRARY_PATH_value=
ac_cv_env_build_alias_set=
ac_cv_env_build_alias_value=
ac_cv_env_host_alias_set=
ac_cv_env_host_alias_value=
ac_cv_env_target_alias_set=
ac_cv_env_target_alias_value=
ac_cv_func_getaddrinfo=yes
ac_cv_func_gethostbyname=yes
ac_cv_func_getpagesize=yes
ac_cv_func_malloc_0_nonnull=yes
ac_cv_func_memset=yes
ac_cv_func_mmap_fixed_mapped=yes
ac_cv_func_munmap=yes
ac_cv_func_socket=yes
ac_cv_func_strchr=yes
ac_cv_func_strcspn=yes
ac_cv_func_strdup=yes
ac_cv_func_strerror=yes
ac_cv_func_strrchr=yes
ac_cv_func_strstr=yes
ac_cv_func_strtoul=yes
ac_cv_have_decl_NETMAP_API=no
ac_cv_have_decl_PACKET_TX_RING=yes
ac_cv_have_decl_TPACKET2_HDRLEN=yes
ac_cv_header__project_dpdk_napatech__x86_64_native_linuxapp_gcc_include_rte_config_h=yes
ac_cv_header_dlfcn_h=yes
ac_cv_header_dnet_h=yes
ac_cv_header_dumbnet_h=no
ac_cv_header_inttypes_h=yes
ac_cv_header_libipq_h=no
ac_cv_header_libnetfilter_queue_libnetfilter_queue_h=yes
ac_cv_header_linux_if_ether_h=yes
ac_cv_header_linux_if_packet_h=yes
ac_cv_header_linux_netfilter_h=yes
ac_cv_header_memory_h=yes
ac_cv_header_net_netmap_h=no
ac_cv_header_net_netmap_user_h=no
ac_cv_header_netdb_h=yes
ac_cv_header_netinet_in_h=yes
ac_cv_header_pcap_h=yes
ac_cv_header_stdc=yes
ac_cv_header_stdint_h=yes
ac_cv_header_stdlib_h=yes
ac_cv_header_string_h=yes
ac_cv_header_strings_h=yes
ac_cv_header_sys_ioctl_h=yes
ac_cv_header_sys_param_h=yes
ac_cv_header_sys_socket_h=yes
ac_cv_header_sys_stat_h=yes
ac_cv_header_sys_time_h=yes
ac_cv_header_sys_types_h=yes
ac_cv_header_unistd_h=yes
ac_cv_host=x86_64-unknown-linux-gnu
ac_cv_lbl_flex_v24=yes
ac_cv_lib_dl_dlopen=yes
ac_cv_lib_dnet_eth_set=yes
ac_cv_lib_dumbnet_eth_set=no
ac_cv_lib_pcap_pcap_lib_version=yes
ac_cv_objext=o
ac_cv_path_EGREP='/usr/bin/grep -E'
ac_cv_path_FGREP='/usr/bin/grep -F'
ac_cv_path_GREP=/usr/bin/grep
ac_cv_path_SED=/usr/bin/sed
ac_cv_path_install='/usr/bin/install -c'
ac_cv_path_lt_DD=/usr/bin/dd
ac_cv_path_mkdir=/usr/bin/mkdir
ac_cv_prog_AWK=gawk
ac_cv_prog_CPP='gcc -E'
ac_cv_prog_V_LEX=flex
ac_cv_prog_V_YACC=bison
ac_cv_prog_ac_ct_AR=ar
ac_cv_prog_ac_ct_CC=gcc
ac_cv_prog_ac_ct_OBJDUMP=objdump
ac_cv_prog_ac_ct_RANLIB=ranlib
ac_cv_prog_ac_ct_STRIP=strip
ac_cv_prog_cc_c89=
ac_cv_prog_cc_g=yes
ac_cv_prog_make_make_set=yes
ac_cv_type_size_t=yes
am_cv_CC_dependencies_compiler_type=gcc3
am_cv_make_support_nested_variables=yes
am_cv_prog_cc_c_o=yes
ax_cv_cflags_gcc_option__Wall=-Wall
ax_cv_cflags_gcc_option__Wcast_align=-Wcast-align
ax_cv_cflags_gcc_option__Wextra=-Wextra
ax_cv_cflags_gcc_option__Wformat=-Wformat
ax_cv_cflags_gcc_option__Wformat_security=-Wformat-security
ax_cv_cflags_gcc_option__Wno_unused_parameter=-Wno-unused-parameter
ax_cv_cflags_gcc_option__Wsign_compare=-Wsign-compare
ax_cv_cflags_gcc_option__Wwrite_strings=-Wwrite-strings
ax_cv_cflags_gcc_option__fdiagnostics_show_option=-fdiagnostics-show-option
ax_cv_cflags_gcc_option__fno_strict_aliasing=-fno-strict-aliasing
ax_cv_cflags_gcc_option__pedantic__std_c99__D_GNU_SOURCE='-pedantic -std=c99 -D_GNU_SOURCE'
daq_cv_libpcap_version_1x=yes
gl_cv_cc_visibility=yes
lt_cv_ar_at_file=@
lt_cv_archive_cmds_need_lc=no
lt_cv_deplibs_check_method=pass_all
lt_cv_file_magic_cmd='$MAGIC_CMD'
lt_cv_file_magic_test_file=
lt_cv_ld_reload_flag=-r
lt_cv_nm_interface='BSD nm'
lt_cv_objdir=.libs
lt_cv_path_LD=/usr/bin/ld
lt_cv_path_NM='/usr/bin/nm -B'
lt_cv_path_mainfest_tool=no
lt_cv_prog_compiler_c_o=yes
lt_cv_prog_compiler_pic='-fPIC -DPIC'
lt_cv_prog_compiler_pic_works=yes
lt_cv_prog_compiler_rtti_exceptions=no
lt_cv_prog_compiler_static_works=no
lt_cv_prog_gnu_ld=yes
lt_cv_sharedlib_from_linklib_cmd='printf %s\n'
lt_cv_shlibpath_overrides_runpath=no
lt_cv_sys_global_symbol_pipe='sed -n -e '\''s/^.*[	 ]\([ABCDGIRSTW][ABCDGIRSTW]*\)[	 ][	 ]*\([_A-Za-z][_A-Za-z0-9]*\)$/\1 \2 \2/p'\'' | sed '\''/ __gnu_lto/d'\'''
lt_cv_sys_global_symbol_to_c_name_address='sed -n -e '\''s/^: \(.*\) .*$/  {"\1", (void *) 0},/p'\'' -e '\''s/^[ABCDGIRSTW][ABCDGIRSTW]* .* \(.*\)$/  {"\1", (void *) \&\1},/p'\'''
lt_cv_sys_global_symbol_to_c_name_address_lib_prefix='sed -n -e '\''s/^: \(.*\) .*$/  {"\1", (void *) 0},/p'\'' -e '\''s/^[ABCDGIRSTW][ABCDGIRSTW]* .* \(lib.*\)$/  {"\1", (void *) \&\1},/p'\'' -e '\''s/^[ABCDGIRSTW][ABCDGIRSTW]* .* \(.*\)$/  {"lib\1", (void *) \&\1},/p'\'''
lt_cv_sys_global_symbol_to_cdecl='sed -n -e '\''s/^T .* \(.*\)$/extern int \1();/p'\'' -e '\''s/^[ABCDGIRSTW][ABCDGIRSTW]* .* \(.*\)$/extern char \1;/p'\'''
lt_cv_sys_global_symbol_to_import=
lt_cv_sys_max_cmd_len=1572864
lt_cv_to_host_file_cmd=func_convert_file_noop
lt_cv_to_tool_file_cmd=func_convert_file_noop
lt_cv_truncate_bin='/usr/bin/dd bs=4096 count=1'

## ----------------- ##
## Output variables. ##
## ----------------- ##

ACLOCAL='${SHELL} /project/snort/daq_dpdk_multiqueue/daq-2.0.6/missing aclocal-1.15'
AMDEPBACKSLASH='\'
AMDEP_FALSE='#'
AMDEP_TRUE=''
AMTAR='$${TAR-tar}'
AM_BACKSLASH='\'
AM_DEFAULT_V='$(AM_DEFAULT_VERBOSITY)'
AM_DEFAULT_VERBOSITY='1'
AM_V='$(V)'
AR='ar'
AUTOCONF='${SHELL} /project/snort/daq_dpdk_multiqueue/daq-2.0.6/missing autoconf'
AUTOHEADER='${SHELL} /project/snort/daq_dpdk_multiqueue/daq-2.0.6/missing autoheader'
AUTOMAKE='${SHELL} /project/snort/daq_dpdk_multiqueue/daq-2.0.6/missing automake-1.15'
AWK='gawk'
BUILD_AFPACKET_MODULE_FALSE='#'
BUILD_AFPACKET_MODULE_TRUE=''
BUILD_DPDK_MODULE_FALSE='#'
BUILD_DPDK_MODULE_TRUE=''
BUILD_DUMP_MODULE_FALSE='#'
BUILD_DUMP_MODULE_TRUE=''
BUILD_IPFW_MODULE_FALSE='#'
BUILD_IPFW_MODULE_TRUE=''
BUILD_IPQ_MODULE_FALSE=''
BUILD_IPQ_MODULE_TRUE='#'
BUILD_MODULES_FALSE='#'
BUILD_MODULES_TRUE=''
BUILD_NETMAP_MODULE_FALSE=''
BUILD_NETMAP_MODULE_TRUE='#'
BUILD_NFQ_MODULE_FALSE='#'
BUILD_NFQ_MODULE_TRUE=''
BUILD_PCAP_MODULE_FALSE='#'
BUILD_PCAP_MODULE_TRUE=''
BUILD_SHARED_MODULES_FALSE='#'
BUILD_SHARED_MODULES_TRUE=''
CC='gcc'
CCDEPMODE='depmode=gcc3'
CFLAGS='-g -O2 -fvisibility=hidden -Wall -Wwrite-strings -Wsign-compare -Wcast-align -Wextra -Wformat -Wformat-security -Wno-unused-parameter -fno-strict-aliasing -fdiagnostics-show-option -pedantic -std=c99 -D_GNU_SOURCE -std=gnu99 -Wno-pedantic'
CPP='gcc -E'
CPPFLAGS='  -I/project/dpdk_napatech//x86_64-native-linuxapp-gcc/include'
CYGPATH_W='echo'
DEFS='-DHAVE_CONFIG_H'
DEPDIR='.deps'
DLLTOOL='false'
DNET_LDFLAGS='-ldnet'
DSYMUTIL=''
DUMPBIN=''
ECHO_C=''
ECHO_N='-n'
ECHO_T=''
EGREP='/usr/bin/grep -E'
EXEEXT=''
FGREP='/usr/bin/grep -F'
GREP='/usr/bin/grep'
INSTALL_DATA='${INSTALL} -m 644'
INSTALL_PROGRAM='${INSTALL}'
INSTALL_SCRIPT='${INSTALL}'
INSTALL_STRIP_PROGRAM='$(install_sh) -c -s'
LD='/usr/bin/ld -m elf_x86_64'
LDFLAGS=''
LIBDL='-ldl'
LIBOBJS=''
LIBS=''
LIBTOOL='$(SHELL) $(top_builddir)/libtool'
LIPO=''
LN_S='ln -s'
LTLIBOBJS=''
LT_SYS_LIBRARY_PATH=''
MAKEINFO='${SHELL} /project/snort/daq_dpdk_multiqueue/daq-2.0.6/missing makeinfo'
MANIFEST_TOOL=':'
MKDIR_P='/usr/bin/mkdir -p'
NM='/usr/bin/nm -B'
NMEDIT=''
OBJDUMP='objdump'
OBJEXT='o'
OTOOL64=''
OTOOL=''
PACKAGE='daq'
PACKAGE_BUGREPORT='snort-team@sourcefire.com'
PACKAGE_NAME='daq'
PACKAGE_STRING='daq 2.0.6'
PACKAGE_TARNAME='daq'
PACKAGE_URL=''
PACKAGE_VERSION='2.0.6'
PATH_SEPARATOR=':'
RANLIB='ranlib'
SED='/usr/bin/sed'
SET_MAKE=''
SHELL='/bin/sh'
STATIC_LIBS=' -lsfbpf -lsfbpf -L/project/dpdk_napatech//x86_64-native-linuxapp-gcc/lib -Wl,--whole-archive,/project/dpdk_napatech//x86_64-native-linuxapp-gcc/lib/libdpdk.so,--no-whole-archive -L/opt/napatech3/lib -lntapi -lntos -lpthread -lrt -lnuma -lm -lpcap -lsfbpf -lnfnetlink -lnetfilter_queue -lsfbpf -lpcap -ldnet'
STRIP='strip'
VERSION='2.0.6'
V_LEX='flex -Psfbpf_'
V_YACC='bison -y -p sfbpf_'
XCCFLAGS=''
ac_ct_AR='ar'
ac_ct_CC='gcc'
ac_ct_DUMPBIN=''
am__EXEEXT_FALSE=''
am__EXEEXT_TRUE='#'
am__fastdepCC_FALSE='#'
am__fastdepCC_TRUE=''
am__include='include'
am__isrc=''
am__leading_dot='.'
am__nodep='_no'
am__quote=''
am__tar='$${TAR-tar} chof - "$$tardir"'
am__untar='$${TAR-tar} xf -'
bindir='${exec_prefix}/bin'
build='x86_64-unknown-linux-gnu'
build_alias=''
build_cpu='x86_64'
build_os='linux-gnu'
build_vendor='unknown'
datadir='${datarootdir}'
datarootdir='${prefix}/share'
docdir='${datarootdir}/doc/${PACKAGE_TARNAME}'
dvidir='${docdir}'
exec_prefix='${prefix}'
host='x86_64-unknown-linux-gnu'
host_alias=''
host_cpu='x86_64'
host_os='linux-gnu'
host_vendor='unknown'
htmldir='${docdir}'
includedir='${prefix}/include'
infodir='${datarootdir}/info'
install_sh='${SHELL} /project/snort/daq_dpdk_multiqueue/daq-2.0.6/install-sh'
libdir='${exec_prefix}/lib'
libexecdir='${exec_prefix}/libexec'
localedir='${datarootdir}/locale'
localstatedir='${prefix}/var'
mandir='${datarootdir}/man'
mkdir_p='$(MKDIR_P)'
oldincludedir='/usr/include'
pdfdir='${docdir}'
prefix='/opt/snort'
program_transform_name='s,x,x,'
psdir='${docdir}'
sbindir='${exec_prefix}/sbin'
sharedstatedir='${prefix}/com'
sysconfdir='${prefix}/etc'
target_alias=''

## ----------- ##
## confdefs.h. ##
## ----------- ##

/* confdefs.h */
#define PACKAGE_NAME "daq"
#define PACKAGE_TARNAME "daq"
#define PACKAGE_VERSION "2.0.6"
#define PACKAGE_STRING "daq 2.0.6"
#define PACKAGE_BUGREPORT "snort-team@sourcefire.com"
#define PACKAGE_URL ""
#define PACKAGE "daq"
#define VERSION "2.0.6"
#define STDC_HEADERS 1
#define HAVE_SYS_TYPES_H 1
#define HAVE_SYS_STAT_H 1
#define HAVE_STDLIB_H 1
#define HAVE_STRING_H 1
#define HAVE_MEMORY_H 1
#define HAVE_STRINGS_H 1
#define HAVE_INTTYPES_H 1
#define HAVE_STDINT_H 1
#define HAVE_UNISTD_H 1
#define HAVE_DLFCN_H 1
#define LT_OBJDIR ".libs/"
#define HAVE_VISIBILITY 1
#define INET6 1
#define HAVE_LINUX_IF_ETHER_H 1
#define HAVE_LINUX_IF_PACKET_H 1
#define HAVE_DECL_TPACKET2_HDRLEN 1
#define HAVE_DECL_PACKET_TX_RING 1
#define HAVE_LIBPCAP 1
#define HAVE_NETINET_IN_H 1
#define HAVE_NETINET_IN_H 1
#define HAVE_LIBNETFILTER_QUEUE_LIBNETFILTER_QUEUE_H 1
#define HAVE_DNET_H 1
#define HAVE_LIBDNET 1
#define HAVE_INTTYPES_H 1
#define HAVE_MEMORY_H 1
#define HAVE_NETDB_H 1
#define HAVE_NETINET_IN_H 1
#define HAVE_STDINT_H 1
#define HAVE_STDLIB_H 1
#define HAVE_STRING_H 1
#define HAVE_SYS_IOCTL_H 1
#define HAVE_SYS_PARAM_H 1
#define HAVE_SYS_SOCKET_H 1
#define HAVE_SYS_TIME_H 1
#define HAVE_UNISTD_H 1
#define HAVE_STDLIB_H 1
#define HAVE_MALLOC 1
#define HAVE_STDLIB_H 1
#define HAVE_UNISTD_H 1
#define HAVE_SYS_PARAM_H 1
#define HAVE_GETPAGESIZE 1
#define HAVE_MMAP 1
#define HAVE_GETHOSTBYNAME 1
#define HAVE_GETPAGESIZE 1
#define HAVE_MEMSET 1
#define HAVE_MUNMAP 1
#define HAVE_SOCKET 1
#define HAVE_STRCHR 1
#define HAVE_STRCSPN 1
#define HAVE_STRDUP 1
#define HAVE_STRERROR 1
#define HAVE_STRRCHR 1
#define HAVE_STRSTR 1
#define HAVE_STRTOUL 1

configure: exit 0
